INFO:root:
Selector: High Level Ordering of Strategies
| Action: anti_aggressive
| Sequence: Early Game Blitz
| | Check: is_early_game
| | Action: early_game_aggressive
| Sequence: All In Attack
| | Check: should_go_all_in
| | Action: all_in_attack
| Sequence: Conservative Defense
| | Check: should_conservative_defense
| | Action: conservative_defense
| Sequence: Winning Consolidation
| | Check: is_winning_comfortably
| | Action: winning_consolidation
| Action: counter_aggression

DEBUG:root:Executing:Selector: High Level Ordering of Strategies
DEBUG:root:Executing:Action: anti_aggressive
DEBUG:root:Order:1 11 13.0
DEBUG:root:Result: Action: anti_aggressive -> Success
DEBUG:root:Result: Selector: High Level Ordering of Strategies -> Success
DEBUG:root:Finish turn

DEBUG:root:Executing:Selector: High Level Ordering of Strategies
DEBUG:root:Executing:Action: anti_aggressive
DEBUG:root:Order:1 12 13.0
DEBUG:root:Result: Action: anti_aggressive -> Success
DEBUG:root:Result: Selector: High Level Ordering of Strategies -> Success
DEBUG:root:Finish turn

DEBUG:root:Executing:Selector: High Level Ordering of Strategies
DEBUG:root:Executing:Action: anti_aggressive
DEBUG:root:Order:1 0 38.0
DEBUG:root:Result: Action: anti_aggressive -> Success
DEBUG:root:Result: Selector: High Level Ordering of Strategies -> Success
DEBUG:root:Finish turn

DEBUG:root:Executing:Selector: High Level Ordering of Strategies
DEBUG:root:Executing:Action: anti_aggressive
DEBUG:root:Order:1 17 5.0
DEBUG:root:Result: Action: anti_aggressive -> Success
DEBUG:root:Result: Selector: High Level Ordering of Strategies -> Success
DEBUG:root:Finish turn

DEBUG:root:Executing:Selector: High Level Ordering of Strategies
DEBUG:root:Executing:Action: anti_aggressive
DEBUG:root:Order:1 18 5.0
DEBUG:root:Result: Action: anti_aggressive -> Success
DEBUG:root:Result: Selector: High Level Ordering of Strategies -> Success
DEBUG:root:Finish turn

DEBUG:root:Executing:Selector: High Level Ordering of Strategies
DEBUG:root:Executing:Action: anti_aggressive
DEBUG:root:Order:1 5 23.0
DEBUG:root:Result: Action: anti_aggressive -> Success
DEBUG:root:Result: Selector: High Level Ordering of Strategies -> Success
DEBUG:root:Finish turn

DEBUG:root:Executing:Selector: High Level Ordering of Strategies
DEBUG:root:Executing:Action: anti_aggressive
DEBUG:root:Order:1 9 26.0
DEBUG:root:Result: Action: anti_aggressive -> Success
DEBUG:root:Result: Selector: High Level Ordering of Strategies -> Success
DEBUG:root:Finish turn

DEBUG:root:Executing:Selector: High Level Ordering of Strategies
DEBUG:root:Executing:Action: anti_aggressive
DEBUG:root:Result: Action: anti_aggressive -> Failure
DEBUG:root:Executing:Sequence: Early Game Blitz
DEBUG:root:Executing:Check: is_early_game
DEBUG:root:Result: Check: is_early_game -> Success
DEBUG:root:Executing:Action: early_game_aggressive
DEBUG:root:Order:1 9 3
DEBUG:root:Result: Action: early_game_aggressive -> Success
DEBUG:root:Result: Sequence: Early Game Blitz -> Success
DEBUG:root:Result: Selector: High Level Ordering of Strategies -> Success
DEBUG:root:Finish turn

DEBUG:root:Executing:Selector: High Level Ordering of Strategies
DEBUG:root:Executing:Action: anti_aggressive
DEBUG:root:Result: Action: anti_aggressive -> Failure
DEBUG:root:Executing:Sequence: Early Game Blitz
DEBUG:root:Executing:Check: is_early_game
DEBUG:root:Result: Check: is_early_game -> Success
DEBUG:root:Executing:Action: early_game_aggressive
DEBUG:root:Order:1 9 4
DEBUG:root:Result: Action: early_game_aggressive -> Success
DEBUG:root:Result: Sequence: Early Game Blitz -> Success
DEBUG:root:Result: Selector: High Level Ordering of Strategies -> Success
DEBUG:root:Finish turn

DEBUG:root:Executing:Selector: High Level Ordering of Strategies
DEBUG:root:Executing:Action: anti_aggressive
DEBUG:root:Result: Action: anti_aggressive -> Failure
DEBUG:root:Executing:Sequence: Early Game Blitz
DEBUG:root:Executing:Check: is_early_game
DEBUG:root:Result: Check: is_early_game -> Success
DEBUG:root:Executing:Action: early_game_aggressive
DEBUG:root:Order:1 17 2
DEBUG:root:Order:1 9 5
DEBUG:root:Result: Action: early_game_aggressive -> Success
DEBUG:root:Result: Sequence: Early Game Blitz -> Success
DEBUG:root:Result: Selector: High Level Ordering of Strategies -> Success
DEBUG:root:Finish turn

DEBUG:root:Executing:Selector: High Level Ordering of Strategies
DEBUG:root:Executing:Action: anti_aggressive
DEBUG:root:Result: Action: anti_aggressive -> Failure
DEBUG:root:Executing:Sequence: Early Game Blitz
DEBUG:root:Executing:Check: is_early_game
DEBUG:root:Result: Check: is_early_game -> Success
DEBUG:root:Executing:Action: early_game_aggressive
DEBUG:root:Order:1 17 4
DEBUG:root:Order:1 9 6
DEBUG:root:Result: Action: early_game_aggressive -> Success
DEBUG:root:Result: Sequence: Early Game Blitz -> Success
DEBUG:root:Result: Selector: High Level Ordering of Strategies -> Success
DEBUG:root:Finish turn

DEBUG:root:Executing:Selector: High Level Ordering of Strategies
DEBUG:root:Executing:Action: anti_aggressive
DEBUG:root:Result: Action: anti_aggressive -> Failure
DEBUG:root:Executing:Sequence: Early Game Blitz
DEBUG:root:Executing:Check: is_early_game
DEBUG:root:Result: Check: is_early_game -> Success
DEBUG:root:Executing:Action: early_game_aggressive
DEBUG:root:Order:1 17 6
DEBUG:root:Result: Action: early_game_aggressive -> Success
DEBUG:root:Result: Sequence: Early Game Blitz -> Success
DEBUG:root:Result: Selector: High Level Ordering of Strategies -> Success
DEBUG:root:Finish turn

DEBUG:root:Executing:Selector: High Level Ordering of Strategies
DEBUG:root:Executing:Action: anti_aggressive
DEBUG:root:Result: Action: anti_aggressive -> Failure
DEBUG:root:Executing:Sequence: Early Game Blitz
DEBUG:root:Executing:Check: is_early_game
DEBUG:root:Result: Check: is_early_game -> Success
DEBUG:root:Executing:Action: early_game_aggressive
DEBUG:root:Order:18 11 2
DEBUG:root:Result: Action: early_game_aggressive -> Success
DEBUG:root:Result: Sequence: Early Game Blitz -> Success
DEBUG:root:Result: Selector: High Level Ordering of Strategies -> Success
DEBUG:root:Finish turn

DEBUG:root:Executing:Selector: High Level Ordering of Strategies
DEBUG:root:Executing:Action: anti_aggressive
DEBUG:root:Result: Action: anti_aggressive -> Failure
DEBUG:root:Executing:Sequence: Early Game Blitz
DEBUG:root:Executing:Check: is_early_game
DEBUG:root:Result: Check: is_early_game -> Success
DEBUG:root:Executing:Action: early_game_aggressive
DEBUG:root:Order:1 9 9
DEBUG:root:Result: Action: early_game_aggressive -> Success
DEBUG:root:Result: Sequence: Early Game Blitz -> Success
DEBUG:root:Result: Selector: High Level Ordering of Strategies -> Success
DEBUG:root:Finish turn

DEBUG:root:Executing:Selector: High Level Ordering of Strategies
DEBUG:root:Executing:Action: anti_aggressive
DEBUG:root:Result: Action: anti_aggressive -> Failure
DEBUG:root:Executing:Sequence: Early Game Blitz
DEBUG:root:Executing:Check: is_early_game
DEBUG:root:Result: Check: is_early_game -> Success
DEBUG:root:Executing:Action: early_game_aggressive
DEBUG:root:Order:12 9 10
DEBUG:root:Result: Action: early_game_aggressive -> Success
DEBUG:root:Result: Sequence: Early Game Blitz -> Success
DEBUG:root:Result: Selector: High Level Ordering of Strategies -> Success
DEBUG:root:Finish turn

DEBUG:root:Executing:Selector: High Level Ordering of Strategies
DEBUG:root:Executing:Action: anti_aggressive
DEBUG:root:Result: Action: anti_aggressive -> Failure
DEBUG:root:Executing:Sequence: Early Game Blitz
DEBUG:root:Executing:Check: is_early_game
DEBUG:root:Result: Check: is_early_game -> Success
DEBUG:root:Executing:Action: early_game_aggressive
DEBUG:root:Order:11 2 9
DEBUG:root:Order:1 9 12
DEBUG:root:Result: Action: early_game_aggressive -> Success
DEBUG:root:Result: Sequence: Early Game Blitz -> Success
DEBUG:root:Result: Selector: High Level Ordering of Strategies -> Success
DEBUG:root:Finish turn

DEBUG:root:Executing:Selector: High Level Ordering of Strategies
DEBUG:root:Executing:Action: anti_aggressive
DEBUG:root:Result: Action: anti_aggressive -> Failure
DEBUG:root:Executing:Sequence: Early Game Blitz
DEBUG:root:Executing:Check: is_early_game
DEBUG:root:Result: Check: is_early_game -> Success
DEBUG:root:Executing:Action: early_game_aggressive
DEBUG:root:Result: Action: early_game_aggressive -> Failure
DEBUG:root:Result: Sequence: Early Game Blitz -> Failure
DEBUG:root:Executing:Sequence: All In Attack
DEBUG:root:Executing:Check: should_go_all_in
DEBUG:root:Result: Check: should_go_all_in -> Failure
DEBUG:root:Result: Sequence: All In Attack -> Failure
DEBUG:root:Executing:Sequence: Conservative Defense
DEBUG:root:Executing:Check: should_conservative_defense
DEBUG:root:Result: Check: should_conservative_defense -> Failure
DEBUG:root:Result: Sequence: Conservative Defense -> Failure
DEBUG:root:Executing:Sequence: Winning Consolidation
DEBUG:root:Executing:Check: is_winning_comfortably
DEBUG:root:Result: Check: is_winning_comfortably -> Success
DEBUG:root:Executing:Action: winning_consolidation
DEBUG:root:Order:0 17 9.0
DEBUG:root:Order:12 17 7.0
DEBUG:root:Result: Action: winning_consolidation -> Success
DEBUG:root:Result: Sequence: Winning Consolidation -> Success
DEBUG:root:Result: Selector: High Level Ordering of Strategies -> Success
DEBUG:root:Finish turn

DEBUG:root:Executing:Selector: High Level Ordering of Strategies
DEBUG:root:Executing:Action: anti_aggressive
DEBUG:root:Result: Action: anti_aggressive -> Failure
DEBUG:root:Executing:Sequence: Early Game Blitz
DEBUG:root:Executing:Check: is_early_game
DEBUG:root:Result: Check: is_early_game -> Success
DEBUG:root:Executing:Action: early_game_aggressive
DEBUG:root:Order:11 9 14
DEBUG:root:Result: Action: early_game_aggressive -> Success
DEBUG:root:Result: Sequence: Early Game Blitz -> Success
DEBUG:root:Result: Selector: High Level Ordering of Strategies -> Success
DEBUG:root:Finish turn

DEBUG:root:Executing:Selector: High Level Ordering of Strategies
DEBUG:root:Executing:Action: anti_aggressive
DEBUG:root:Result: Action: anti_aggressive -> Failure
DEBUG:root:Executing:Sequence: Early Game Blitz
DEBUG:root:Executing:Check: is_early_game
DEBUG:root:Result: Check: is_early_game -> Success
DEBUG:root:Executing:Action: early_game_aggressive
DEBUG:root:Order:1 9 15
DEBUG:root:Result: Action: early_game_aggressive -> Success
DEBUG:root:Result: Sequence: Early Game Blitz -> Success
DEBUG:root:Result: Selector: High Level Ordering of Strategies -> Success
DEBUG:root:Finish turn

DEBUG:root:Executing:Selector: High Level Ordering of Strategies
DEBUG:root:Executing:Action: anti_aggressive
DEBUG:root:Result: Action: anti_aggressive -> Failure
DEBUG:root:Executing:Sequence: Early Game Blitz
DEBUG:root:Executing:Check: is_early_game
DEBUG:root:Result: Check: is_early_game -> Success
DEBUG:root:Executing:Action: early_game_aggressive
DEBUG:root:Result: Action: early_game_aggressive -> Failure
DEBUG:root:Result: Sequence: Early Game Blitz -> Failure
DEBUG:root:Executing:Sequence: All In Attack
DEBUG:root:Executing:Check: should_go_all_in
DEBUG:root:Result: Check: should_go_all_in -> Failure
DEBUG:root:Result: Sequence: All In Attack -> Failure
DEBUG:root:Executing:Sequence: Conservative Defense
DEBUG:root:Executing:Check: should_conservative_defense
DEBUG:root:Result: Check: should_conservative_defense -> Failure
DEBUG:root:Result: Sequence: Conservative Defense -> Failure
DEBUG:root:Executing:Sequence: Winning Consolidation
DEBUG:root:Executing:Check: is_winning_comfortably
DEBUG:root:Result: Check: is_winning_comfortably -> Success
DEBUG:root:Executing:Action: winning_consolidation
DEBUG:root:Order:0 2 9.0
DEBUG:root:Order:11 2 15.0
DEBUG:root:Order:12 2 5.0
DEBUG:root:Result: Action: winning_consolidation -> Success
DEBUG:root:Result: Sequence: Winning Consolidation -> Success
DEBUG:root:Result: Selector: High Level Ordering of Strategies -> Success
DEBUG:root:Finish turn

DEBUG:root:Executing:Selector: High Level Ordering of Strategies
DEBUG:root:Executing:Action: anti_aggressive
DEBUG:root:Result: Action: anti_aggressive -> Failure
DEBUG:root:Executing:Sequence: Early Game Blitz
DEBUG:root:Executing:Check: is_early_game
DEBUG:root:Result: Check: is_early_game -> Success
DEBUG:root:Executing:Action: early_game_aggressive
DEBUG:root:Order:11 5 2
DEBUG:root:Result: Action: early_game_aggressive -> Success
DEBUG:root:Result: Sequence: Early Game Blitz -> Success
DEBUG:root:Result: Selector: High Level Ordering of Strategies -> Success
DEBUG:root:Finish turn

DEBUG:root:Executing:Selector: High Level Ordering of Strategies
DEBUG:root:Executing:Action: anti_aggressive
DEBUG:root:Result: Action: anti_aggressive -> Failure
DEBUG:root:Executing:Sequence: Early Game Blitz
DEBUG:root:Executing:Check: is_early_game
DEBUG:root:Result: Check: is_early_game -> Success
DEBUG:root:Executing:Action: early_game_aggressive
DEBUG:root:Order:11 5 3
DEBUG:root:Result: Action: early_game_aggressive -> Success
DEBUG:root:Result: Sequence: Early Game Blitz -> Success
DEBUG:root:Result: Selector: High Level Ordering of Strategies -> Success
DEBUG:root:Finish turn

DEBUG:root:Executing:Selector: High Level Ordering of Strategies
DEBUG:root:Executing:Action: anti_aggressive
DEBUG:root:Result: Action: anti_aggressive -> Failure
DEBUG:root:Executing:Sequence: Early Game Blitz
DEBUG:root:Executing:Check: is_early_game
DEBUG:root:Result: Check: is_early_game -> Success
DEBUG:root:Executing:Action: early_game_aggressive
DEBUG:root:Order:11 5 4
DEBUG:root:Order:1 9 19
DEBUG:root:Result: Action: early_game_aggressive -> Success
DEBUG:root:Result: Sequence: Early Game Blitz -> Success
DEBUG:root:Result: Selector: High Level Ordering of Strategies -> Success
DEBUG:root:Finish turn

DEBUG:root:Executing:Selector: High Level Ordering of Strategies
DEBUG:root:Executing:Action: anti_aggressive
DEBUG:root:Result: Action: anti_aggressive -> Failure
DEBUG:root:Executing:Sequence: Early Game Blitz
DEBUG:root:Executing:Check: is_early_game
DEBUG:root:Result: Check: is_early_game -> Success
DEBUG:root:Executing:Action: early_game_aggressive
DEBUG:root:Order:11 5 5
DEBUG:root:Order:0 17 9
DEBUG:root:Order:12 9 20
DEBUG:root:Result: Action: early_game_aggressive -> Success
DEBUG:root:Result: Sequence: Early Game Blitz -> Success
DEBUG:root:Result: Selector: High Level Ordering of Strategies -> Success
DEBUG:root:Finish turn

DEBUG:root:Executing:Selector: High Level Ordering of Strategies
DEBUG:root:Executing:Action: anti_aggressive
DEBUG:root:Order:18 0 11.0
DEBUG:root:Result: Action: anti_aggressive -> Success
DEBUG:root:Result: Selector: High Level Ordering of Strategies -> Success
DEBUG:root:Finish turn

DEBUG:root:Executing:Selector: High Level Ordering of Strategies
DEBUG:root:Executing:Action: anti_aggressive
DEBUG:root:Order:11 0 11.0
DEBUG:root:Result: Action: anti_aggressive -> Success
DEBUG:root:Result: Selector: High Level Ordering of Strategies -> Success
DEBUG:root:Finish turn

DEBUG:root:Executing:Selector: High Level Ordering of Strategies
DEBUG:root:Executing:Action: anti_aggressive
DEBUG:root:Order:12 0 11.0
DEBUG:root:Result: Action: anti_aggressive -> Success
DEBUG:root:Result: Selector: High Level Ordering of Strategies -> Success
DEBUG:root:Finish turn

DEBUG:root:Executing:Selector: High Level Ordering of Strategies
DEBUG:root:Executing:Action: anti_aggressive
DEBUG:root:Order:1 6 23.0
DEBUG:root:Result: Action: anti_aggressive -> Success
DEBUG:root:Result: Selector: High Level Ordering of Strategies -> Success
DEBUG:root:Finish turn

DEBUG:root:Executing:Selector: High Level Ordering of Strategies
DEBUG:root:Executing:Action: anti_aggressive
DEBUG:root:Order:11 0 11.0
DEBUG:root:Result: Action: anti_aggressive -> Success
DEBUG:root:Result: Selector: High Level Ordering of Strategies -> Success
DEBUG:root:Finish turn

DEBUG:root:Executing:Selector: High Level Ordering of Strategies
DEBUG:root:Executing:Action: anti_aggressive
DEBUG:root:Order:0 17 23.0
DEBUG:root:Result: Action: anti_aggressive -> Success
DEBUG:root:Result: Selector: High Level Ordering of Strategies -> Success
DEBUG:root:Finish turn

DEBUG:root:Executing:Selector: High Level Ordering of Strategies
DEBUG:root:Executing:Action: anti_aggressive
DEBUG:root:Order:0 17 16.0
DEBUG:root:Result: Action: anti_aggressive -> Success
DEBUG:root:Result: Selector: High Level Ordering of Strategies -> Success
DEBUG:root:Finish turn

DEBUG:root:Executing:Selector: High Level Ordering of Strategies
DEBUG:root:Executing:Action: anti_aggressive
DEBUG:root:Order:0 17 18.0
DEBUG:root:Result: Action: anti_aggressive -> Success
DEBUG:root:Result: Selector: High Level Ordering of Strategies -> Success
DEBUG:root:Finish turn

DEBUG:root:Executing:Selector: High Level Ordering of Strategies
DEBUG:root:Executing:Action: anti_aggressive
DEBUG:root:Order:11 0 24.0
DEBUG:root:Result: Action: anti_aggressive -> Success
DEBUG:root:Result: Selector: High Level Ordering of Strategies -> Success
DEBUG:root:Finish turn

DEBUG:root:Executing:Selector: High Level Ordering of Strategies
DEBUG:root:Executing:Action: anti_aggressive
DEBUG:root:Order:12 0 24.0
DEBUG:root:Result: Action: anti_aggressive -> Success
DEBUG:root:Result: Selector: High Level Ordering of Strategies -> Success
DEBUG:root:Finish turn

DEBUG:root:Executing:Selector: High Level Ordering of Strategies
DEBUG:root:Executing:Action: anti_aggressive
DEBUG:root:Order:9 17 24.0
DEBUG:root:Result: Action: anti_aggressive -> Success
DEBUG:root:Result: Selector: High Level Ordering of Strategies -> Success
DEBUG:root:Finish turn

DEBUG:root:Executing:Selector: High Level Ordering of Strategies
DEBUG:root:Executing:Action: anti_aggressive
DEBUG:root:Result: Action: anti_aggressive -> Failure
DEBUG:root:Executing:Sequence: Early Game Blitz
DEBUG:root:Executing:Check: is_early_game
DEBUG:root:Result: Check: is_early_game -> Success
DEBUG:root:Executing:Action: early_game_aggressive
DEBUG:root:Order:9 17 13
DEBUG:root:Order:5 2 26
DEBUG:root:Order:18 0 29
DEBUG:root:Result: Action: early_game_aggressive -> Success
DEBUG:root:Result: Sequence: Early Game Blitz -> Success
DEBUG:root:Result: Selector: High Level Ordering of Strategies -> Success
DEBUG:root:Finish turn

DEBUG:root:Executing:Selector: High Level Ordering of Strategies
DEBUG:root:Executing:Action: anti_aggressive
DEBUG:root:Order:11 0 18.0
DEBUG:root:Result: Action: anti_aggressive -> Success
DEBUG:root:Result: Selector: High Level Ordering of Strategies -> Success
DEBUG:root:Finish turn

DEBUG:root:Executing:Selector: High Level Ordering of Strategies
DEBUG:root:Executing:Action: anti_aggressive
DEBUG:root:Order:1 6 13.0
DEBUG:root:Result: Action: anti_aggressive -> Success
DEBUG:root:Result: Selector: High Level Ordering of Strategies -> Success
DEBUG:root:Finish turn

DEBUG:root:Executing:Selector: High Level Ordering of Strategies
DEBUG:root:Executing:Action: anti_aggressive
DEBUG:root:Result: Action: anti_aggressive -> Failure
DEBUG:root:Executing:Sequence: Early Game Blitz
DEBUG:root:Executing:Check: is_early_game
DEBUG:root:Result: Check: is_early_game -> Success
DEBUG:root:Executing:Action: early_game_aggressive
DEBUG:root:Order:9 2 21
DEBUG:root:Result: Action: early_game_aggressive -> Success
DEBUG:root:Result: Sequence: Early Game Blitz -> Success
DEBUG:root:Result: Selector: High Level Ordering of Strategies -> Success
DEBUG:root:Finish turn

DEBUG:root:Executing:Selector: High Level Ordering of Strategies
DEBUG:root:Executing:Action: anti_aggressive
DEBUG:root:Result: Action: anti_aggressive -> Failure
DEBUG:root:Executing:Sequence: Early Game Blitz
DEBUG:root:Executing:Check: is_early_game
DEBUG:root:Result: Check: is_early_game -> Success
DEBUG:root:Executing:Action: early_game_aggressive
DEBUG:root:Order:9 2 27
DEBUG:root:Result: Action: early_game_aggressive -> Success
DEBUG:root:Result: Sequence: Early Game Blitz -> Success
DEBUG:root:Result: Selector: High Level Ordering of Strategies -> Success
DEBUG:root:Finish turn

DEBUG:root:Executing:Selector: High Level Ordering of Strategies
DEBUG:root:Executing:Action: anti_aggressive
DEBUG:root:Order:17 9 9.0
DEBUG:root:Result: Action: anti_aggressive -> Success
DEBUG:root:Result: Selector: High Level Ordering of Strategies -> Success
DEBUG:root:Finish turn

DEBUG:root:Executing:Selector: High Level Ordering of Strategies
DEBUG:root:Executing:Action: anti_aggressive
DEBUG:root:Order:17 2 44.0
DEBUG:root:Result: Action: anti_aggressive -> Success
DEBUG:root:Result: Selector: High Level Ordering of Strategies -> Success
DEBUG:root:Finish turn

DEBUG:root:Executing:Selector: High Level Ordering of Strategies
DEBUG:root:Executing:Action: anti_aggressive
DEBUG:root:Order:0 2 69.0
DEBUG:root:Result: Action: anti_aggressive -> Success
DEBUG:root:Result: Selector: High Level Ordering of Strategies -> Success
DEBUG:root:Finish turn

DEBUG:root:Executing:Selector: High Level Ordering of Strategies
DEBUG:root:Executing:Action: anti_aggressive
DEBUG:root:Order:12 14 60.0
DEBUG:root:Result: Action: anti_aggressive -> Success
DEBUG:root:Result: Selector: High Level Ordering of Strategies -> Success
DEBUG:root:Finish turn

DEBUG:root:Executing:Selector: High Level Ordering of Strategies
DEBUG:root:Executing:Action: anti_aggressive
DEBUG:root:Order:2 5 2.0
DEBUG:root:Result: Action: anti_aggressive -> Success
DEBUG:root:Result: Selector: High Level Ordering of Strategies -> Success
DEBUG:root:Finish turn

DEBUG:root:Executing:Selector: High Level Ordering of Strategies
DEBUG:root:Executing:Action: anti_aggressive
DEBUG:root:Order:2 5 2.0
DEBUG:root:Result: Action: anti_aggressive -> Success
DEBUG:root:Result: Selector: High Level Ordering of Strategies -> Success
DEBUG:root:Finish turn

DEBUG:root:Executing:Selector: High Level Ordering of Strategies
DEBUG:root:Executing:Action: anti_aggressive
DEBUG:root:Order:2 5 2.0
DEBUG:root:Result: Action: anti_aggressive -> Success
DEBUG:root:Result: Selector: High Level Ordering of Strategies -> Success
DEBUG:root:Finish turn

DEBUG:root:Executing:Selector: High Level Ordering of Strategies
DEBUG:root:Executing:Action: anti_aggressive
DEBUG:root:Order:2 5 2.0
DEBUG:root:Result: Action: anti_aggressive -> Success
DEBUG:root:Result: Selector: High Level Ordering of Strategies -> Success
DEBUG:root:Finish turn

DEBUG:root:Executing:Selector: High Level Ordering of Strategies
DEBUG:root:Executing:Action: anti_aggressive
DEBUG:root:Order:2 5 2.0
DEBUG:root:Result: Action: anti_aggressive -> Success
DEBUG:root:Result: Selector: High Level Ordering of Strategies -> Success
DEBUG:root:Finish turn

DEBUG:root:Executing:Selector: High Level Ordering of Strategies
DEBUG:root:Executing:Action: anti_aggressive
DEBUG:root:Order:2 5 2.0
DEBUG:root:Result: Action: anti_aggressive -> Success
DEBUG:root:Result: Selector: High Level Ordering of Strategies -> Success
DEBUG:root:Finish turn

DEBUG:root:Executing:Selector: High Level Ordering of Strategies
DEBUG:root:Executing:Action: anti_aggressive
DEBUG:root:Order:2 5 2.0
DEBUG:root:Result: Action: anti_aggressive -> Success
DEBUG:root:Result: Selector: High Level Ordering of Strategies -> Success
DEBUG:root:Finish turn

DEBUG:root:Executing:Selector: High Level Ordering of Strategies
DEBUG:root:Executing:Action: anti_aggressive
DEBUG:root:Order:11 13 60.0
DEBUG:root:Result: Action: anti_aggressive -> Success
DEBUG:root:Result: Selector: High Level Ordering of Strategies -> Success
DEBUG:root:Finish turn

DEBUG:root:Executing:Selector: High Level Ordering of Strategies
DEBUG:root:Executing:Action: anti_aggressive
DEBUG:root:Order:1 10 85.0
DEBUG:root:Result: Action: anti_aggressive -> Success
DEBUG:root:Result: Selector: High Level Ordering of Strategies -> Success
DEBUG:root:Finish turn

DEBUG:root:Executing:Selector: High Level Ordering of Strategies
DEBUG:root:Executing:Action: anti_aggressive
DEBUG:root:Order:2 8 84.0
DEBUG:root:Result: Action: anti_aggressive -> Success
DEBUG:root:Result: Selector: High Level Ordering of Strategies -> Success
DEBUG:root:Finish turn

DEBUG:root:Executing:Selector: High Level Ordering of Strategies
DEBUG:root:Executing:Action: anti_aggressive
DEBUG:root:Order:2 5 16.0
DEBUG:root:Result: Action: anti_aggressive -> Success
DEBUG:root:Result: Selector: High Level Ordering of Strategies -> Success
DEBUG:root:Finish turn

DEBUG:root:Executing:Selector: High Level Ordering of Strategies
DEBUG:root:Executing:Action: anti_aggressive
DEBUG:root:Order:2 5 15.0
DEBUG:root:Result: Action: anti_aggressive -> Success
DEBUG:root:Result: Selector: High Level Ordering of Strategies -> Success
DEBUG:root:Finish turn

DEBUG:root:Executing:Selector: High Level Ordering of Strategies
DEBUG:root:Executing:Action: anti_aggressive
DEBUG:root:Order:2 5 14.0
DEBUG:root:Result: Action: anti_aggressive -> Success
DEBUG:root:Result: Selector: High Level Ordering of Strategies -> Success
DEBUG:root:Finish turn

DEBUG:root:Executing:Selector: High Level Ordering of Strategies
DEBUG:root:Executing:Action: anti_aggressive
DEBUG:root:Order:2 5 13.0
DEBUG:root:Result: Action: anti_aggressive -> Success
DEBUG:root:Result: Selector: High Level Ordering of Strategies -> Success
DEBUG:root:Finish turn

DEBUG:root:Executing:Selector: High Level Ordering of Strategies
DEBUG:root:Executing:Action: anti_aggressive
DEBUG:root:Order:2 5 12.0
DEBUG:root:Result: Action: anti_aggressive -> Success
DEBUG:root:Result: Selector: High Level Ordering of Strategies -> Success
DEBUG:root:Finish turn

