DEBUG:root:Order:2 3 10.0
DEBUG:root:Finish turn

DEBUG:root:Order:2 4 10.0
DEBUG:root:Finish turn

DEBUG:root:Order:2 19 15.0
DEBUG:root:Finish turn

DEBUG:root:Order:2 20 15.0
DEBUG:root:Order:2 4 32
DEBUG:root:Finish turn

DEBUG:root:Order:2 15 20.0
DEBUG:root:Bad order:4 3.0 7
DEBUG:root:Finish turn

DEBUG:root:Order:2 16 20.0
DEBUG:root:Order:4 0 26.0
DEBUG:root:Order:4 2 3
DEBUG:root:Finish turn

DEBUG:root:Order:4 2 2
DEBUG:root:Finish turn

DEBUG:root:Order:2 19 9
DEBUG:root:Order:4 19 6
DEBUG:root:Finish turn

DEBUG:root:Order:2 19 3
DEBUG:root:Finish turn

DEBUG:root:Order:2 4 4
DEBUG:root:Order:2 19 2
DEBUG:root:Finish turn

DEBUG:root:Order:2 19 3
DEBUG:root:Finish turn

DEBUG:root:Order:2 19 5
DEBUG:root:Order:2 15 3
DEBUG:root:Finish turn

DEBUG:root:Order:4 19 4
DEBUG:root:Order:2 19 2
DEBUG:root:Finish turn

DEBUG:root:Order:2 15 3
DEBUG:root:Order:2 19 3
DEBUG:root:Finish turn

DEBUG:root:Order:19 15 2
DEBUG:root:Order:2 15 1
DEBUG:root:Order:4 15 1
DEBUG:root:Finish turn

DEBUG:root:Order:2 15 2
DEBUG:root:Order:2 19 1
DEBUG:root:Finish turn

DEBUG:root:Order:2 19 1
DEBUG:root:Order:2 4 2
DEBUG:root:Finish turn

DEBUG:root:Order:19 9 40.0
DEBUG:root:Order:2 19 11
DEBUG:root:Order:4 19 10
DEBUG:root:Order:15 19 10
DEBUG:root:Finish turn

DEBUG:root:Order:2 0 4
DEBUG:root:Order:15 0 1
DEBUG:root:Order:15 19 1
DEBUG:root:Finish turn

DEBUG:root:Order:2 0 2
DEBUG:root:Order:2 19 2
DEBUG:root:Finish turn

DEBUG:root:Order:2 0 1
DEBUG:root:Order:2 19 1
DEBUG:root:Finish turn

DEBUG:root:Order:2 0 2
DEBUG:root:Order:2 19 2
DEBUG:root:Finish turn

DEBUG:root:Order:19 10 40.0
DEBUG:root:Order:15 19 10
DEBUG:root:Order:2 19 8
DEBUG:root:Order:4 19 7
DEBUG:root:Bad order:0 5.0 6
DEBUG:root:Finish turn

DEBUG:root:Order:2 0 7
DEBUG:root:Order:15 0 4
DEBUG:root:Order:15 19 5
DEBUG:root:Finish turn

DEBUG:root:Order:4 0 6
DEBUG:root:Order:4 19 6
DEBUG:root:Order:4 15 6
DEBUG:root:Order:2 15 5
DEBUG:root:Finish turn

DEBUG:root:Order:15 4 11
DEBUG:root:Order:15 0 1
DEBUG:root:Order:15 19 1
DEBUG:root:Finish turn

DEBUG:root:Order:2 0 2
DEBUG:root:Order:2 19 2
DEBUG:root:Order:2 4 1
DEBUG:root:Order:2 15 1
DEBUG:root:Finish turn

DEBUG:root:Order:2 0 1
DEBUG:root:Order:2 19 1
DEBUG:root:Order:2 4 2
DEBUG:root:Finish turn

DEBUG:root:Order:2 9 3
DEBUG:root:Order:4 9 3
DEBUG:root:Order:15 9 3
DEBUG:root:Finish turn

DEBUG:root:Order:2 15 11
DEBUG:root:Order:2 16 6
DEBUG:root:Order:2 4 4
DEBUG:root:Order:2 0 3
DEBUG:root:Finish turn

DEBUG:root:Order:19 4 11
DEBUG:root:Order:19 16 6
DEBUG:root:Order:19 2 4
DEBUG:root:Finish turn

DEBUG:root:Order:15 19 7
DEBUG:root:Order:15 16 4
DEBUG:root:Order:15 2 2
DEBUG:root:Finish turn

DEBUG:root:Order:0 2 5
DEBUG:root:Order:4 2 2
DEBUG:root:Order:4 9 5
DEBUG:root:Order:4 15 2
DEBUG:root:Finish turn

DEBUG:root:Order:16 9 6
DEBUG:root:Order:15 9 1
DEBUG:root:Order:15 2 3
DEBUG:root:Order:19 2 2
DEBUG:root:Order:0 2 1
DEBUG:root:Order:0 4 1
DEBUG:root:Finish turn

DEBUG:root:Order:2 0 1
DEBUG:root:Order:2 4 2
DEBUG:root:Order:16 4 1
DEBUG:root:Finish turn

DEBUG:root:Order:2 19 2
DEBUG:root:Order:4 19 2
DEBUG:root:Order:15 19 1
DEBUG:root:Order:16 19 1
DEBUG:root:Order:16 0 1
DEBUG:root:Order:16 9 1
DEBUG:root:Finish turn

DEBUG:root:Order:2 0 1
DEBUG:root:Order:2 19 1
DEBUG:root:Order:2 16 3
DEBUG:root:Order:15 16 1
DEBUG:root:Finish turn

DEBUG:root:Order:2 0 1
DEBUG:root:Order:2 19 1
DEBUG:root:Finish turn

DEBUG:root:Order:2 0 2
DEBUG:root:Order:2 19 2
DEBUG:root:Finish turn

DEBUG:root:Order:15 0 1
DEBUG:root:Order:15 19 1
DEBUG:root:Order:15 4 2
DEBUG:root:Finish turn

DEBUG:root:Order:2 0 3
DEBUG:root:Order:4 0 1
DEBUG:root:Order:4 19 1
DEBUG:root:Order:4 9 1
DEBUG:root:Finish turn

DEBUG:root:Order:2 10 7
DEBUG:root:Order:9 10 4
DEBUG:root:Order:15 10 4
DEBUG:root:Order:15 0 4
DEBUG:root:Finish turn

DEBUG:root:Order:2 9 7
DEBUG:root:Order:4 9 6
DEBUG:root:Order:19 9 3
DEBUG:root:Order:19 0 5
DEBUG:root:Finish turn

DEBUG:root:Order:2 0 4
DEBUG:root:Order:15 0 3
DEBUG:root:Order:4 0 1
DEBUG:root:Order:4 19 1
DEBUG:root:Order:9 19 1
DEBUG:root:Order:9 10 1
DEBUG:root:Finish turn

DEBUG:root:Order:2 19 7
DEBUG:root:Order:15 19 5
DEBUG:root:Order:10 19 4
DEBUG:root:Order:4 19 3
DEBUG:root:Order:9 19 3
DEBUG:root:Order:0 19 2
DEBUG:root:Finish turn

DEBUG:root:Order:2 0 6
DEBUG:root:Order:15 0 4
DEBUG:root:Order:4 0 3
DEBUG:root:Order:4 10 3
DEBUG:root:Order:9 10 2
DEBUG:root:Finish turn

DEBUG:root:Order:2 19 5
DEBUG:root:Order:9 19 3
DEBUG:root:Order:15 19 3
DEBUG:root:Order:10 19 2
DEBUG:root:Order:0 19 1
DEBUG:root:Finish turn

DEBUG:root:Order:2 10 7
DEBUG:root:Order:15 10 5
DEBUG:root:Order:9 10 4
DEBUG:root:Order:0 10 3
DEBUG:root:Order:4 10 1
DEBUG:root:Order:4 19 2
DEBUG:root:Finish turn

DEBUG:root:Order:4 17 37.0
DEBUG:root:Order:2 4 13
DEBUG:root:Order:15 4 11
DEBUG:root:Order:9 4 2
DEBUG:root:Order:9 19 7
DEBUG:root:Order:9 0 6
DEBUG:root:Finish turn

DEBUG:root:Order:2 0 7
DEBUG:root:Order:15 0 5
DEBUG:root:Order:4 0 1
DEBUG:root:Order:4 10 3
DEBUG:root:Order:19 10 1
DEBUG:root:Finish turn

DEBUG:root:Order:2 10 5
DEBUG:root:Order:15 10 2
DEBUG:root:Order:15 4 3
DEBUG:root:Order:19 4 1
DEBUG:root:Finish turn

DEBUG:root:Order:2 0 7
DEBUG:root:Order:19 0 4
DEBUG:root:Order:4 0 1
DEBUG:root:Order:4 10 3
DEBUG:root:Order:15 10 2
DEBUG:root:Finish turn

DEBUG:root:Order:2 0 5
DEBUG:root:Bad order:15 2.0 4
DEBUG:root:Order:10 0 2
DEBUG:root:Order:4 0 1
DEBUG:root:Order:19 0 1
DEBUG:root:Finish turn

DEBUG:root:Bad order:9 7.0 11
DEBUG:root:Order:2 15 7
DEBUG:root:Order:4 15 4
DEBUG:root:Bad order:10 3.0 4
DEBUG:root:Finish turn

DEBUG:root:Bad order:9 9.0 10
DEBUG:root:Order:9 0 5
DEBUG:root:Finish turn

DEBUG:root:Order:2 15 5
DEBUG:root:Order:9 15 5
DEBUG:root:Finish turn

DEBUG:root:Order:2 9 12
DEBUG:root:Order:15 9 8
DEBUG:root:Finish turn

DEBUG:root:Order:2 9 1
DEBUG:root:Order:2 15 1
DEBUG:root:Finish turn

DEBUG:root:Order:2 9 8
DEBUG:root:Order:15 9 7
DEBUG:root:Finish turn

DEBUG:root:Bad order:19 2.0 13
DEBUG:root:Order:17 2 4
DEBUG:root:Order:15 2 2
DEBUG:root:Finish turn

DEBUG:root:Bad order:19 3.0 22
DEBUG:root:Order:17 9 13
DEBUG:root:Order:15 9 11
DEBUG:root:Finish turn

DEBUG:root:Bad order:19 4.0 14
DEBUG:root:Order:17 9 5
DEBUG:root:Order:15 9 3
DEBUG:root:Finish turn

DEBUG:root:Order:17 9 6
DEBUG:root:Bad order:19 5.0 6
DEBUG:root:Finish turn

DEBUG:root:Order:19 17 9
DEBUG:root:Bad order:19 1.0 10
DEBUG:root:Finish turn

DEBUG:root:Finish turn

DEBUG:root:Finish turn

DEBUG:root:Finish turn

DEBUG:root:Finish turn

DEBUG:root:Finish turn

DEBUG:root:Finish turn

DEBUG:root:Finish turn

DEBUG:root:Bad order:10 7.0 34
DEBUG:root:Finish turn

DEBUG:root:Finish turn

DEBUG:root:Finish turn

DEBUG:root:Finish turn

DEBUG:root:Order:10 13 12.0
DEBUG:root:Finish turn

DEBUG:root:Finish turn

DEBUG:root:Finish turn

DEBUG:root:Finish turn

DEBUG:root:Finish turn

DEBUG:root:Finish turn

DEBUG:root:Finish turn

DEBUG:root:Finish turn

